0:100  0:100  MemLog inited, TSC freq: 1696069632
0:100  0:000  CPU was calibrated with ACPI PM Timer
0:100  0:000  
0:100  0:000  Now is 30.08.2020,  10:06:09 (GMT)
0:100  0:000  Starting Clover revision: 5107 (master, commit 0af69ed7a) on INSYDE Corp. EFI
0:100  0:000  Build with: [Args: -D NO_GRUB_DRIVERS_EMBEDDED -t GCC53 | -D NO_GRUB_DRIVERS_EMBEDDED --conf=/Users/olarila.com/CloverBootloader/Conf -D USE_LOW_EBDA -a X64 -b RELEASE -t GCC53 -n 17 | OS: 10.15.4]
0:100  0:000  SelfDevicePath=PciRoot(0x0)\Pci(0x1F,0x2)\Sata(0x0,0x0,0x0)\HD(1,GPT,8430F675-47D3-4DC5-B8F1-0DA925E132C4,0x800,0x96000) @A7CE1198
0:100  0:000  SelfDirPath = \EFI\BOOT
0:100  0:000  Clover : Image base = 0xA5FD7000
1:163  1:063  SimpleTextEx Status=Success
1:163  0:000  === [ Get Smbios ] ==============================
1:163  0:000  Type 16 Index = 0
1:163  0:000  Total Memory Slots Count = 4
1:163  0:000  Type 17 Index = 0
1:163  0:000  Ignoring insane frequency value 0MHz
1:163  0:000  SmbiosTable.Type17->Speed = 0MHz
1:163  0:000  SmbiosTable.Type17->Size = 0MB
1:163  0:000  SmbiosTable.Type17->Bank/Device = BANK 0 DIMM0
1:163  0:000  SmbiosTable.Type17->Vendor = <null string>
1:163  0:000  SmbiosTable.Type17->SerialNumber = <null string>
1:163  0:000  SmbiosTable.Type17->PartNumber = <null string>
1:163  0:000  Type 17 Index = 1
1:163  0:000  Ignoring insane frequency value 0MHz
1:163  0:000  SmbiosTable.Type17->Speed = 0MHz
1:163  0:000  SmbiosTable.Type17->Size = 0MB
1:163  0:000  SmbiosTable.Type17->Bank/Device = BANK 1 DIMM1
1:163  0:000  SmbiosTable.Type17->Vendor = <null string>
1:163  0:000  SmbiosTable.Type17->SerialNumber = <null string>
1:163  0:000  SmbiosTable.Type17->PartNumber = <null string>
1:163  0:000  Type 17 Index = 2
1:163  0:000  Table has error information, checking
1:163  0:000  Found memory information in table 18/0, type=0x3, operation=0x2 syndrome=0x0
1:163  0:000  ...memory OK
1:163  0:000  SmbiosTable.Type17->Speed = 1600MHz
1:163  0:000  SmbiosTable.Type17->Size = 8192MB
1:163  0:000  SmbiosTable.Type17->Bank/Device = BANK 2 DIMM2
1:163  0:000  SmbiosTable.Type17->Vendor = Unknown
1:163  0:000  SmbiosTable.Type17->SerialNumber = 00000000
1:163  0:000  SmbiosTable.Type17->PartNumber =                   
1:163  0:000  Type 17 Index = 3
1:163  0:000  Ignoring insane frequency value 0MHz
1:163  0:000  SmbiosTable.Type17->Speed = 0MHz
1:163  0:000  SmbiosTable.Type17->Size = 0MB
1:163  0:000  SmbiosTable.Type17->Bank/Device = BANK 3 DIMM3
1:163  0:000  SmbiosTable.Type17->Vendor = <null string>
1:163  0:000  SmbiosTable.Type17->SerialNumber = <null string>
1:163  0:000  SmbiosTable.Type17->PartNumber = <null string>
1:163  0:000  Boot status=0
1:163  0:000  Running on: 'ACLU12' with board 'VIUU4'
1:163  0:000  === [ GetCPUProperties ] ========================
1:163  0:000  CPU Vendor = 756E6547 Model=40651
1:163  0:000   The CPU supported SSE4.1
1:163  0:000  BrandString = Intel(R) Core(TM) i3-4010U CPU @ 1.70GHz
1:163  0:000   The CPU not supported turbo
1:163  0:000  MSR 0x35               20004
1:163  0:000  MSR 0xE2 before patch 1E008408
1:163  0:000  MSR 0xE2 is locked, PM patches will be turned on
1:163  0:000  MSR 0xCE              0008083B_F3011100
1:163  0:000  corrected FLEX_RATIO = 0
1:163  0:000  MSR 0x1B0             00000000
1:163  0:000  FSBFrequency = 95 MHz, DMI FSBFrequency = 100 MHz, Corrected FSBFrequency = 100 MHz
1:163  0:000  MaxDiv/MinDiv: 17.0/8
1:163  0:000  Turbo: 17/17/17/17
1:163  0:000  Features: 0xBFEBFBFF
1:163  0:000  Threads: 4
1:163  0:000  Cores: 2
1:163  0:000  FSB: 100 MHz
1:163  0:000  CPU: 1600 MHz
1:163  0:000  TSC: 1600 MHz
1:163  0:000  PIS: 100 MHz
1:163  0:000  ExternalClock: 25 MHz
1:163  0:000  === [ GetDevices ] ==============================
1:163  0:000  GOP found at: <null string>
1:163  0:000  PCI (00|00:00.00) : 8086 0A04 class=060000
1:163  0:000  PCI (00|00:02.00) : 8086 0A16 class=030000
1:163  0:000   - GFX: Model=Intel HD Graphics 4400 (Intel)
1:163  0:000  PCI (00|00:03.00) : 8086 0A0C class=040300
1:163  0:000  PCI (00|00:14.00) : 8086 9C31 class=0C0330
1:163  0:000  PCI (00|00:16.00) : 8086 9C3A class=078000
1:163  0:000  PCI (00|00:1B.00) : 8086 9C20 class=040300
1:163  0:000  PCI (00|00:1C.00) : 8086 9C14 class=060400
1:163  0:000  PCI (00|01:00.00) : 10EC 8168 class=020000
1:163  0:000   - LAN: 0 Vendor=Realtek
1:163  0:000  PCI (00|00:1C.03) : 8086 9C16 class=060400
1:163  0:000  PCI (00|02:00.00) : 10EC B723 class=028000
1:163  0:000   - WIFI: Vendor=Realtek
1:163  0:000  PCI (00|00:1C.04) : 8086 9C18 class=060400
1:163  0:000  PCI (00|03:00.00) : 1002 666F class=038000
1:163  0:000   - GFX: Model=AMD Radeon HD 8550M (ATI/AMD)
1:163  0:000  PCI (00|00:1D.00) : 8086 9C26 class=0C0320
1:163  0:000  PCI (00|00:1F.00) : 8086 9C43 class=060100
1:163  0:000  PCI (00|00:1F.02) : 8086 9C03 class=010601
1:163  0:000  PCI (00|00:1F.03) : 8086 9C22 class=0C0500
1:163  0:000  PCI (00|00:1F.06) : FFFF FFFF class=FFFFFF
1:163  0:000  === [ GetDefaultSettings ] ======================
1:163  0:000  Clover load options size = 0 bytes
1:165  0:001  CheckOEMPathExists tried EFI\CLOVER\OEM\ACLU12--00-00-00-00-00-00. Dir not exists
1:165  0:000  CheckOEMPathExists tried EFI\CLOVER\OEM\VIUU4\UEFI. Dir not exists
1:165  0:000  CheckOEMPathExists tried EFI\CLOVER\OEM\ACLU12. Dir not exists
1:165  0:000  CheckOEMPathExists tried EFI\CLOVER\OEM\ACLU12-1600. Dir not exists
1:165  0:000  CheckOEMPathExists tried EFI\CLOVER\OEM\VIUU4. Dir not exists
1:165  0:000  CheckOEMPathExists tried EFI\CLOVER\OEM\VIUU4-1600. Dir not exists
1:165  0:000  set OEMPath by default: EFI\CLOVER
1:166  0:001  EFI\CLOVER\config.plist loaded: Success
1:167  0:000  === [ GetListOfThemes ] =========================
1:167  0:000  - [00]: OlarilaAnimation
1:169  0:001  - [01]: BGM
1:170  0:001  === [ Found config plists ] =====================
1:170  0:000  - config2.plist
1:170  0:000  - config.plist
1:170  0:000  === [ GetEarlyUserSettings ] ====================
1:170  0:000  timeout set to 5
1:170  0:000  Custom boot CUSTOM_BOOT_DISABLED (0x0)
1:170  0:000  Default theme: embedded
1:170  0:000  Hiding entries with string Preboot
1:170  0:000  === [ LoadDrivers ] =============================
1:173  0:002  Loading ApfsDriverLoader.efi  status=Success
1:274  0:101   - driver needs connecting
1:274  0:000  Loading HFSPlus.efi  status=Success
1:275  0:000   - driver needs connecting
1:275  0:000  Loading OcQuirks.efi  status=Success
1:277  0:001  Loading OpenRuntime.efi  status=Success
1:278  0:000  2 drivers needs connecting ...
1:278  0:000  PlatformDriverOverrideProtocol not found. Installing ... Success
1:278  0:000  HFS+ driver loaded
1:278  0:000  APFS driver loaded
1:278  0:000  Searching for invalid DiskIo BY_DRIVER connects: not found, all ok
1:562  0:284  === [ InitScreen ] ==============================
1:562  0:000  Console modes reported: 5, available modes:
1:562  0:000   - [01]: 80x25
1:562  0:000   - [03]: 100x31
1:562  0:000   - [04]: 128x40
1:562  0:000   - [05]: 170x40 (current mode)
1:562  0:000  SetMaxResolution: found best mode 3: 1366x768
1:562  0:000   - already set
1:562  0:000  reinit: self device path=PciRoot(0x0)\Pci(0x1F,0x2)\Sata(0x0,0x0,0x0)\HD(1,GPT,8430F675-47D3-4DC5-B8F1-0DA925E132C4,0x800,0x96000)
1:562  0:000  new SelfHandle=A7CE1198
1:565  0:002  Using embedded font: Success
1:568  0:003  === [ GetMacAddress ] ===========================
1:568  0:000  MAC address of LAN #0= C8:5B:76:86:FB:EA:
1:568  0:000  MAC address of LAN #1= C8:5B:76:86:FB:EA:
1:568  0:000  MAC address of LAN #2= C8:5B:76:86:FB:EA:
1:568  0:000  === [ ScanSPD ] =================================
1:569  0:000  Scanning SMBus [8086:9C22], mmio: 0xD0719004, ioport: 0x6040, hostc: 0x11
1:587  0:018  Slot: 2 Type 24 8192MB 1600MHz Vendor=NoName PartNo= SerialNo=0000000000000000
1:588  0:000  === [ GetAcpiTablesList ] =======================
1:588  0:000  Get Acpi Tables List from RSDT:
1:588  0:000   - [00]: FACP  CB-01    len=268
1:588  0:000   - [01]: SLIC  CB-01    len=374
1:588  0:000   - [02]: UEFI  CB-01    len=566
1:588  0:000   - [03]: FPDT  CB-01    len=68
1:588  0:000   - [04]: POAT  CB-01    len=85
1:588  0:000   - [05]: ASF!  CB-01    len=165
1:588  0:000   - [06]: HPET  CB-01    len=56
1:588  0:000   - [07]: APIC  CB-01    len=140
1:588  0:000   - [08]: MCFG  CB-01    len=60
1:588  0:000   - [09]: WDAT  CB-01    len=548
1:588  0:000   - [10]: SSDT  CB-01    len=8232
1:588  0:000   - [11]: BOOT  CB-01    len=40
1:588  0:000   - [12]: LPIT  CB-01    len=148
1:588  0:000   - [13]: ASPT  CB-01    len=52
1:588  0:000   - [14]: DBGP  CB-01    len=52
1:588  0:000   - [15]: SSDT  CB-01    len=1172
1:588  0:000   - [16]: SSDT  CB-01    len=2776
1:588  0:000   - [17]: SSDT  CB-01    len=13560
1:588  0:000   - [18]: SSDT  CB-01    len=8848
1:588  0:000   - [19]: DMAR  CB-01    len=176
1:588  0:000   - [20]: BGRT  CB-01    len=56
1:588  0:000  Calibrated TSC Frequency = 1696069632 = 1696MHz
1:589  0:000  === [ GetUserSettings ] =========================
1:589  0:000   - final DSDT Fix mask=00060050
1:589  0:000  PatchesDSDT: 20 requested
1:589  0:000   - [00]: (change EHC1 to EH01) lenToFind: 4, lenToReplace: 4, Target Bridge: <null string>
1:589  0:000   - [01]: (change _OSI to XOSI) lenToFind: 4, lenToReplace: 4, Target Bridge: <null string>
1:589  0:000   - [02]: (change EC0 to EC) lenToFind: 4, lenToReplace: 4, Target Bridge: <null string>
1:589  0:000   - [03]: (change GFX0 to IGPU) lenToFind: 4, lenToReplace: 4, Target Bridge: <null string>
1:589  0:000   - [04]: (change B0D3 to HDAU) lenToFind: 4, lenToReplace: 4, Target Bridge: <null string>
1:589  0:000   - [05]: (change Method(_Q11,0,N) to XQ11) lenToFind: 5, lenToReplace: 5, Target Bridge: <null string>
1:589  0:000   - [06]: (change Method(_Q12,0,N) to XQ12) lenToFind: 5, lenToReplace: 5, Target Bridge: <null string>
1:589  0:000   - [07]: (change Method(MHPF,1,N) to XHPF) lenToFind: 5, lenToReplace: 5, Target Bridge: <null string>
1:589  0:000   - [08]: (change Method(MHIF,1,N) to XHIF) lenToFind: 5, lenToReplace: 5, Target Bridge: <null string>
1:589  0:000   - [09]: (change Method(GBID,0,S) to XBID) lenToFind: 5, lenToReplace: 5, Target Bridge: <null string>
1:589  0:000   - [10]: (change Method(CFUN,4,S) to XFUN) lenToFind: 5, lenToReplace: 5, Target Bridge: <null string>
1:589  0:000   - [11]: (change Method(_BST,0,S) to XBST) lenToFind: 5, lenToReplace: 5, Target Bridge: <null string>
1:589  0:000   - [12]: (change Method(_BIF,0,N) to XBIF) lenToFind: 5, lenToReplace: 5, Target Bridge: <null string>
1:589  0:000   - [13]: (change _PRW in LID to XPRW (disabling it)) lenToFind: 5, lenToReplace: 5, Target Bridge: <null string>
1:589  0:000   - [14]: (change _DSM to XDSM) lenToFind: 4, lenToReplace: 4, Target Bridge: <null string>
1:589  0:000   - [15]: (Change GATY to GATX) lenToFind: 5, lenToReplace: 5, Target Bridge: <null string>
1:589  0:000   - [16]: (Change Method(_REG,2,N) to XREG) lenToFind: 5, lenToReplace: 5, Target Bridge: <null string>
1:589  0:000   - [17]: (Change XHCI to XHCX (BIOS override)) lenToFind: 5, lenToReplace: 5, Target Bridge: <null string>
1:589  0:000   - [18]: (Change MAUL to MAUX (BIOS override)) lenToFind: 5, lenToReplace: 5, Target Bridge: <null string>
1:589  0:000   - [19]: (Change Method(UPC,0,S) to XUPC) lenToFind: 5, lenToReplace: 5, Target Bridge: <null string>
1:589  0:000  Using ProductName from config: MacBookAir6,2
1:589  0:000  BiosVersion: not set, Using BiosVersion from clover
1:589  0:000  BiosVersion: MBA61.88Z.F000.B00.2002052050
1:589  0:000  BiosReleaseDate: 02/05/2020
1:589  0:000  Using EfiVersion from clover: 120.0.0.0.0
1:589  0:000  Using FirmwareFeatures from clover: 0xE00FE137
1:589  0:000  Using FirmwareFeaturesMask from clover: 0xFF1FFF3F
1:589  0:000  PlatformFeature will not set in SMBIOS
1:591  0:001  === [ Found DSDT tables ] =======================
2:012  0:420  === [ ScanVolumes ] =============================
2:012  0:000  Found 14 volumes with blockIO
2:012  0:000  - [00]: Volume: PciRoot(0x0)\Pci(0x1F,0x2)\Sata(0x0,0x0,0x0)
2:012  0:000  - [01]: Volume: PciRoot(0x0)\Pci(0x1F,0x2)\Sata(0x1,0x0,0x0)
2:012  0:000  - [02]: Volume: PciRoot(0x0)\Pci(0x1F,0x2)\Sata(0x0,0x0,0x0)\HD(1,GPT,8430F675-47D3-4DC5-B8F1-0DA925E132C4,0x800,0x96000)
2:012  0:000          Result of bootcode detection: bootable Windows (vista,win)
2:013  0:000          This is SelfVolume !!
2:013  0:000  - [03]: Volume: PciRoot(0x0)\Pci(0x1F,0x2)\Sata(0x0,0x0,0x0)\HD(2,GPT,46AE7AA8-74B1-45FD-8C29-D6A4558EEDA1,0x96800,0x8000)
2:013  0:000  - [04]: Volume: PciRoot(0x0)\Pci(0x1F,0x2)\Sata(0x0,0x0,0x0)\HD(3,GPT,28A6E7F5-AFE5-4716-9A15-EBD9DA03FED1,0x9E800,0xEA58000)
2:013  0:000          Result of bootcode detection: bootable Windows (vista,win)
2:013  0:000  - [05]: Volume: PciRoot(0x0)\Pci(0x1F,0x2)\Sata(0x0,0x0,0x0)\HD(4,GPT,B4C16FCE-CFC4-4782-836E-65DC51D4B9F8,0xEAF6800,0xD3ED000)
2:013  0:000          Result of bootcode detection: bootable unknown (legacy)
2:013  0:000  - [06]: Volume: PciRoot(0x0)\Pci(0x1F,0x2)\Sata(0x1,0x0,0x0)\HD(1,GPT,FB960D5F-7AF5-4436-B803-A563C7FC0320,0x800,0x2522A800)
2:014  0:000          Result of bootcode detection: bootable Windows (vista,win)
2:014  0:000  - [07]: Volume: PciRoot(0x0)\Pci(0x1F,0x2)\Sata(0x1,0x0,0x0)\HD(2,GPT,0FA611B7-1CBF-4BB5-9DB9-4970099B3C9D,0x2522B000,0x4DDBB800)
2:014  0:000          Result of bootcode detection: bootable Windows (vista,win)
2:014  0:000  - [08]: Volume: PciRoot(0x0)\Pci(0x1F,0x2)\Sata(0x1,0x0,0x0)\HD(3,GPT,0007BE3B-C840-F907-187E-FE73767C0F00,0x72FE6800,0x64000)
2:066  0:052          Result of bootcode detection: bootable unknown (legacy)
2:074  0:008  - [09]: Volume: PciRoot(0x0)\Pci(0x1F,0x2)\Sata(0x0,0x0,0x0)\HD(4,GPT,B4C16FCE-CFC4-4782-836E-65DC51D4B9F8,0xEAF6800,0xD3ED000)\VenMedia(BE74FCF7-0B7C-49F3-9147-01F4042E6842,F68F07644F26DC42A14224826E59BA4D)
2:074  0:000          hiding this volume
2:074  0:000  - [10]: Volume: PciRoot(0x0)\Pci(0x1F,0x2)\Sata(0x0,0x0,0x0)\HD(4,GPT,B4C16FCE-CFC4-4782-836E-65DC51D4B9F8,0xEAF6800,0xD3ED000)\VenMedia(BE74FCF7-0B7C-49F3-9147-01F4042E6842,2047A0D5F990B535A062DBCF4D47CEDD)
2:074  0:000  - [11]: Volume: PciRoot(0x0)\Pci(0x1F,0x2)\Sata(0x0,0x0,0x0)\HD(4,GPT,B4C16FCE-CFC4-4782-836E-65DC51D4B9F8,0xEAF6800,0xD3ED000)\VenMedia(BE74FCF7-0B7C-49F3-9147-01F4042E6842,6ED906743140A445A5E7612A3BE8D7DF)
2:074  0:000  - [12]: Volume: PciRoot(0x0)\Pci(0x1F,0x2)\Sata(0x0,0x0,0x0)\HD(4,GPT,B4C16FCE-CFC4-4782-836E-65DC51D4B9F8,0xEAF6800,0xD3ED000)\VenMedia(BE74FCF7-0B7C-49F3-9147-01F4042E6842,02041FA180D2ED46B038A0DA0CDE43F8)
2:075  0:000  - [13]: Volume: PciRoot(0x0)\Pci(0x1F,0x2)\Sata(0x0,0x0,0x0)\HD(4,GPT,B4C16FCE-CFC4-4782-836E-65DC51D4B9F8,0xEAF6800,0xD3ED000)\VenMedia(BE74FCF7-0B7C-49F3-9147-01F4042E6842,5F5B5529248A314C8FA6668A6EF91142)
2:075  0:000  No AudioIoProtocols, status=Not Found
2:075  0:000  === [ InitTheme ] ===============================
2:075  0:000  use daylight theme
2:075  0:000   using embedded theme
2:075  0:000  got embedded sound
2:075  0:000    Channels: 2  Sample rate: 8000 Hz  Bits: 16
2:075  0:000  output to channel 0 with volume 70, len=25600
2:075  0:000   sound channels=2 bits=16 freq=8000
2:076  0:000  sound converted to 48kHz
2:076  0:000  not found AudioIo to play
2:076  0:000  sound play end with status=Not Found
2:078  0:002  Using embedded font: Success
2:079  0:000  theme inited
2:079  0:000  Chosen embedded theme
2:079  0:000  found boot-args in NVRAM:, size=1
2:079  0:000  after NVRAM boot-args=dart=0
2:079  0:000  === [ Dump SMC keys from NVRAM ] ================
2:079  0:000  no AppleSMC protocol
2:093  0:013  === [ ScanLoader ] ==============================
2:093  0:000  - [02]: 'EFI'
2:097  0:004          AddLoaderEntry for Volume Name=EFI
2:097  0:000          skipped because entry is hidden
2:097  0:000  - [08]: 'EFI'
2:105  0:008          AddLoaderEntry for Volume Name=EFI
2:121  0:015          AddLoaderEntry for Volume Name=EFI
2:121  0:000          skipped because entry is hidden
2:121  0:000  - [09]: 'Preboot', hidden
2:121  0:000  - [10]: 'Mac - Data'
2:123  0:002  - [11]: 'Recovery'
2:124  0:000          AddLoaderEntry for Volume Name=Recovery
2:127  0:003  - [12]: 'VM'
2:128  0:000  - [13]: 'Mac'
2:137  0:008          AddLoaderEntry for Volume Name=Mac
2:139  0:002      Check if volume Is Hibernated:
2:139  0:000      Check sleep image 'by signature':
2:141  0:001      using default sleep image name = \private\var\vm\sleepimage
2:142  0:001      sleepimage not found -> Not Found
2:142  0:000      hibernated: no - sign
2:143  0:001  === [ AddCustomTool ] ===========================
2:145  0:001  found tool \EFI\CLOVER\tools\Shell64U.efi
2:145  0:000  Checking EFI partition Volume 2 for Clover
2:145  0:000   Found Clover
2:147  0:002  === [ GetEfiBootDeviceFromNvram ] ===============
2:147  0:000   - efi-boot-device-data: PciRoot(0x0)\Pci(0x1F,0x2)\Sata(0x0,0x0,0x0)\HD(4,GPT,B4C16FCE-CFC4-4782-836E-65DC51D4B9F8,0xEAF6800,0xD3ED000)\VenMedia(BE74FCF7-0B7C-49F3-9147-01F4042E6842,5F5B5529248A314C8FA6668A6EF91142)
2:147  0:000    - Volume: 'PciRoot(0x0)\Pci(0x1F,0x2)\Sata(0x0,0x0,0x0)\HD(4,GPT,B4C16FCE-CFC4-4782-836E-65DC51D4B9F8,0xEAF6800,0xD3ED000)\VenMedia(BE74FCF7-0B7C-49F3-9147-01F4042E6842,5F5B5529248A314C8FA6668A6EF91142)'
2:147  0:000    - LoaderPath: '<null string>'
2:147  0:000    - Guid = B4C16FCE-CFC4-4782-836E-65DC51D4B9F8
2:147  0:000  === [ FindStartupDiskVolume ] ===================
2:147  0:000    - Volume: partition = PciRoot(0x0)\Pci(0x1F,0x2)\Sata(0x0,0x0,0x0)\HD(4,GPT,B4C16FCE-CFC4-4782-836E-65DC51D4B9F8,0xEAF6800,0xD3ED000)\VenMedia(BE74FCF7-0B7C-49F3-9147-01F4042E6842,5F5B5529248A314C8FA6668A6EF91142)
2:147  0:000     - searching for that partition
2:147  0:000      - found entry 2. 'Boot macOS from Mac', Volume 'Mac'
2:147  0:000  Boot redirected to Entry 2. 'Boot macOS from Mac'
2:147  0:000  DefaultIndex=2 and MainMenu.Entries.size()=9
2:292  0:144  GUI ready
